Determining if the pthread_create exist failed with the following output:
Change Dir: /home/panda/Desktop/Repository/ucg/Assignment_5/build/CMakeFiles/CMakeTmp

Run Build Command:"/usr/bin/make" "cmTC_05525/fast"
/usr/bin/make -f CMakeFiles/cmTC_05525.dir/build.make CMakeFiles/cmTC_05525.dir/build
make[1]: Entering directory '/home/panda/Desktop/Repository/ucg/Assignment_5/build/CMakeFiles/CMakeTmp'
Building C object CMakeFiles/cmTC_05525.dir/CheckSymbolExists.c.o
/usr/bin/cc    -o CMakeFiles/cmTC_05525.dir/CheckSymbolExists.c.o   -c /home/panda/Desktop/Repository/ucg/Assignment_5/build/CMakeFiles/CMakeTmp/CheckSymbolExists.c
Linking C executable cmTC_05525
/usr/bin/cmake -E cmake_link_script CMakeFiles/cmTC_05525.dir/link.txt --verbose=1
/usr/bin/cc      -rdynamic CMakeFiles/cmTC_05525.dir/CheckSymbolExists.c.o  -o cmTC_05525 
CMakeFiles/cmTC_05525.dir/CheckSymbolExists.c.o: In function `main':
CheckSymbolExists.c:(.text+0x1b): undefined reference to `pthread_create'
collect2: error: ld returned 1 exit status
CMakeFiles/cmTC_05525.dir/build.make:97: recipe for target 'cmTC_05525' failed
make[1]: *** [cmTC_05525] Error 1
make[1]: Leaving directory '/home/panda/Desktop/Repository/ucg/Assignment_5/build/CMakeFiles/CMakeTmp'
Makefile:126: recipe for target 'cmTC_05525/fast' failed
make: *** [cmTC_05525/fast] Error 2

File /home/panda/Desktop/Repository/ucg/Assignment_5/build/CMakeFiles/CMakeTmp/CheckSymbolExists.c:
/* */
#include <pthread.h>

int main(int argc, char** argv)
{
  (void)argv;
#ifndef pthread_create
  return ((int*)(&pthread_create))[argc];
#else
  (void)argc;
  return 0;
#endif
}

Determining if the function pthread_create exists in the pthreads failed with the following output:
Change Dir: /home/panda/Desktop/Repository/ucg/Assignment_5/build/CMakeFiles/CMakeTmp

Run Build Command:"/usr/bin/make" "cmTC_6fc52/fast"
/usr/bin/make -f CMakeFiles/cmTC_6fc52.dir/build.make CMakeFiles/cmTC_6fc52.dir/build
make[1]: Entering directory '/home/panda/Desktop/Repository/ucg/Assignment_5/build/CMakeFiles/CMakeTmp'
Building C object CMakeFiles/cmTC_6fc52.dir/CheckFunctionExists.c.o
/usr/bin/cc   -DCHECK_FUNCTION_EXISTS=pthread_create   -o CMakeFiles/cmTC_6fc52.dir/CheckFunctionExists.c.o   -c /usr/share/cmake-3.10/Modules/CheckFunctionExists.c
Linking C executable cmTC_6fc52
/usr/bin/cmake -E cmake_link_script CMakeFiles/cmTC_6fc52.dir/link.txt --verbose=1
/usr/bin/cc  -DCHECK_FUNCTION_EXISTS=pthread_create    -rdynamic CMakeFiles/cmTC_6fc52.dir/CheckFunctionExists.c.o  -o cmTC_6fc52 -lpthreads 
/usr/bin/ld: cannot find -lpthreads
collect2: error: ld returned 1 exit status
CMakeFiles/cmTC_6fc52.dir/build.make:97: recipe for target 'cmTC_6fc52' failed
make[1]: *** [cmTC_6fc52] Error 1
make[1]: Leaving directory '/home/panda/Desktop/Repository/ucg/Assignment_5/build/CMakeFiles/CMakeTmp'
Makefile:126: recipe for target 'cmTC_6fc52/fast' failed
make: *** [cmTC_6fc52/fast] Error 2


